TN:
SF:server.js
FNF:0
FNH:0
DA:1,1
DA:2,1
DA:3,1
DA:4,1
DA:5,1
DA:6,1
DA:7,1
DA:8,1
DA:9,1
DA:10,1
DA:11,1
DA:12,1
DA:13,1
DA:14,1
DA:15,1
DA:16,1
DA:17,1
DA:18,1
DA:19,1
DA:20,1
DA:21,1
DA:22,1
DA:23,1
DA:24,1
DA:25,1
DA:26,1
DA:27,1
DA:28,1
DA:29,1
DA:30,1
DA:31,1
DA:32,1
DA:33,1
DA:34,1
DA:35,1
DA:36,1
DA:37,1
DA:38,1
DA:39,1
LF:39
LH:39
BRDA:35,0,0,1
BRF:1
BRH:1
end_of_record
TN:
SF:controller/gitController.js
FN:9,getData
FNF:1
FNH:1
FNDA:1,getData
DA:1,1
DA:2,1
DA:3,1
DA:4,1
DA:5,1
DA:6,1
DA:7,1
DA:8,1
DA:9,1
DA:10,1
DA:11,1
DA:12,1
DA:13,1
DA:14,1
DA:15,1
DA:16,1
DA:17,1
DA:18,1
DA:19,0
DA:20,0
DA:21,1
DA:22,1
DA:23,1
LF:23
LH:21
BRDA:9,0,0,1
BRDA:18,1,0,0
BRF:2
BRH:1
end_of_record
TN:
SF:middleware/cacheMiddleware.js
FN:3,cacheMiddleware
FN:14,res.send
FNF:2
FNH:2
FNDA:1,cacheMiddleware
FNDA:2,res.send
DA:1,1
DA:2,1
DA:3,1
DA:4,1
DA:5,1
DA:6,1
DA:7,1
DA:8,0
DA:9,0
DA:10,0
DA:11,1
DA:12,1
DA:13,1
DA:14,1
DA:15,2
DA:16,2
DA:17,1
DA:18,1
DA:19,1
DA:20,1
DA:21,1
DA:22,1
LF:22
LH:19
BRDA:3,0,0,1
BRDA:7,1,0,0
BRDA:14,2,0,2
BRF:3
BRH:2
end_of_record
TN:
SF:routers/gitRouter.js
FNF:0
FNH:0
DA:1,1
DA:2,1
DA:3,1
DA:4,1
DA:5,1
DA:6,1
DA:7,1
LF:7
LH:7
BRF:0
BRH:0
end_of_record
